<?xml version="1.0" encoding="UTF-8"?>
<testng-results ignored="0" total="2" passed="2" failed="0" skipped="0">
  <reporter-output>
  </reporter-output>
  <suite started-at="2022-10-22T17:27:52 CEST" name="Default Suite" finished-at="2022-10-22T17:27:55 CEST" duration-ms="2680">
    <groups>
    </groups>
    <test started-at="2022-10-22T17:27:52 CEST" name="RESTassuredProject1" finished-at="2022-10-22T17:27:55 CEST" duration-ms="2680">
      <class name="APITests">
        <test-method signature="test1()[pri:0, instance:APITests@48524010]" started-at="2022-10-22T17:27:52 CEST" name="test1" finished-at="2022-10-22T17:27:55 CEST" duration-ms="2455" status="PASS">
          <reporter-output>
          </reporter-output>
        </test-method> <!-- test1 -->
        <test-method signature="test2()[pri:0, instance:APITests@48524010]" started-at="2022-10-22T17:27:55 CEST" name="test2" finished-at="2022-10-22T17:27:55 CEST" duration-ms="158" status="PASS">
          <reporter-output>
          </reporter-output>
        </test-method> <!-- test2 -->
      </class> <!-- APITests -->
    </test> <!-- RESTassuredProject1 -->
  </suite> <!-- Default Suite -->
</testng-results>
